[0.208s] DEBUG:colcon:Command line arguments: ['/home/asana/.local/bin/colcon', 'build', '--packages-select', 'pubsub']
[0.208s] DEBUG:colcon:Parsed command line arguments: Namespace(ament_cmake_args=None, base_paths=['.'], build_base='build', catkin_cmake_args=None, catkin_skip_building_tests=False, cmake_args=None, cmake_clean_cache=False, cmake_clean_first=False, cmake_force_configure=False, cmake_target=None, cmake_target_skip_unavailable=False, continue_on_error=False, event_handlers=None, executor='parallel', ignore_user_meta=False, install_base='install', log_base=None, log_level=None, main=<bound method BuildVerb.main of <colcon_core.verb.build.BuildVerb object at 0x7f04cd5b9be0>>, merge_install=False, metas=['./colcon.meta'], packages_above=None, packages_above_and_dependencies=None, packages_above_depth=None, packages_end=None, packages_ignore=None, packages_ignore_regex=None, packages_select=['pubsub'], packages_select_build_failed=False, packages_select_by_dep=None, packages_select_regex=None, packages_select_test_failures=False, packages_skip=None, packages_skip_build_finished=False, packages_skip_by_dep=None, packages_skip_regex=None, packages_skip_test_passed=False, packages_skip_up_to=None, packages_start=None, packages_up_to=None, packages_up_to_regex=None, parallel_workers=8, paths=None, symlink_install=False, test_result_base=None, verb_extension=<colcon_core.verb.build.BuildVerb object at 0x7f04cd5b9be0>, verb_name='build', verb_parser=<colcon_defaults.argument_parser.defaults.DefaultArgumentsDecorator object at 0x7f04cd5c5190>)
[0.211s] Level 1:colcon.colcon_core.package_discovery:discover_packages(colcon_meta) check parameters
[0.212s] Level 1:colcon.colcon_core.package_discovery:discover_packages(recursive) check parameters
[0.212s] Level 1:colcon.colcon_core.package_discovery:discover_packages(ignore) check parameters
[0.212s] Level 1:colcon.colcon_core.package_discovery:discover_packages(path) check parameters
[0.212s] Level 1:colcon.colcon_core.package_discovery:discover_packages(colcon_meta) discover
[0.212s] Level 1:colcon.colcon_core.package_discovery:discover_packages(recursive) discover
[0.212s] INFO:colcon.colcon_core.package_discovery:Crawling recursively for packages in '/home/asana/ros2-foxy-analysis'
[0.212s] Level 1:colcon.colcon_core.package_identification:_identify(.) by extensions ['ignore', 'ignore_ament_install']
[0.212s] Level 1:colcon.colcon_core.package_identification:_identify(.) by extension 'ignore'
[0.212s] Level 1:colcon.colcon_core.package_identification:_identify(.) by extension 'ignore_ament_install'
[0.212s] Level 1:colcon.colcon_core.package_identification:_identify(.) by extensions ['colcon_pkg']
[0.212s] Level 1:colcon.colcon_core.package_identification:_identify(.) by extension 'colcon_pkg'
[0.212s] Level 1:colcon.colcon_core.package_identification:_identify(.) by extensions ['colcon_meta']
[0.212s] Level 1:colcon.colcon_core.package_identification:_identify(.) by extension 'colcon_meta'
[0.212s] Level 1:colcon.colcon_core.package_identification:_identify(.) by extensions ['ros']
[0.212s] Level 1:colcon.colcon_core.package_identification:_identify(.) by extension 'ros'
[0.219s] Level 1:colcon.colcon_core.package_identification:_identify(.) by extensions ['cmake', 'python']
[0.219s] Level 1:colcon.colcon_core.package_identification:_identify(.) by extension 'cmake'
[0.220s] Level 1:colcon.colcon_core.package_identification:_identify(.) by extension 'python'
[0.220s] Level 1:colcon.colcon_core.package_identification:_identify(.) by extensions ['python_setup_py']
[0.220s] Level 1:colcon.colcon_core.package_identification:_identify(.) by extension 'python_setup_py'
[0.220s] Level 1:colcon.colcon_core.package_identification:_identify(build) by extensions ['ignore', 'ignore_ament_install']
[0.220s] Level 1:colcon.colcon_core.package_identification:_identify(build) by extension 'ignore'
[0.220s] Level 1:colcon.colcon_core.package_identification:_identify(build) ignored
[0.220s] Level 1:colcon.colcon_core.package_identification:_identify(cpp_pubsub) by extensions ['ignore', 'ignore_ament_install']
[0.220s] Level 1:colcon.colcon_core.package_identification:_identify(cpp_pubsub) by extension 'ignore'
[0.220s] Level 1:colcon.colcon_core.package_identification:_identify(cpp_pubsub) by extension 'ignore_ament_install'
[0.220s] Level 1:colcon.colcon_core.package_identification:_identify(cpp_pubsub) by extensions ['colcon_pkg']
[0.220s] Level 1:colcon.colcon_core.package_identification:_identify(cpp_pubsub) by extension 'colcon_pkg'
[0.220s] Level 1:colcon.colcon_core.package_identification:_identify(cpp_pubsub) by extensions ['colcon_meta']
[0.220s] Level 1:colcon.colcon_core.package_identification:_identify(cpp_pubsub) by extension 'colcon_meta'
[0.220s] Level 1:colcon.colcon_core.package_identification:_identify(cpp_pubsub) by extensions ['ros']
[0.220s] Level 1:colcon.colcon_core.package_identification:_identify(cpp_pubsub) by extension 'ros'
[0.222s] DEBUG:colcon.colcon_core.package_identification:Package 'cpp_pubsub' with type 'ros.ament_cmake' and name 'cpp_pubsub'
[0.222s] Level 1:colcon.colcon_core.package_identification:_identify(install) by extensions ['ignore', 'ignore_ament_install']
[0.222s] Level 1:colcon.colcon_core.package_identification:_identify(install) by extension 'ignore'
[0.222s] Level 1:colcon.colcon_core.package_identification:_identify(install) ignored
[0.222s] Level 1:colcon.colcon_core.package_identification:_identify(log) by extensions ['ignore', 'ignore_ament_install']
[0.223s] Level 1:colcon.colcon_core.package_identification:_identify(log) by extension 'ignore'
[0.223s] Level 1:colcon.colcon_core.package_identification:_identify(log) ignored
[0.223s] Level 1:colcon.colcon_core.package_identification:_identify(my_messages) by extensions ['ignore', 'ignore_ament_install']
[0.223s] Level 1:colcon.colcon_core.package_identification:_identify(my_messages) by extension 'ignore'
[0.223s] Level 1:colcon.colcon_core.package_identification:_identify(my_messages) by extension 'ignore_ament_install'
[0.223s] Level 1:colcon.colcon_core.package_identification:_identify(my_messages) by extensions ['colcon_pkg']
[0.223s] Level 1:colcon.colcon_core.package_identification:_identify(my_messages) by extension 'colcon_pkg'
[0.223s] Level 1:colcon.colcon_core.package_identification:_identify(my_messages) by extensions ['colcon_meta']
[0.223s] Level 1:colcon.colcon_core.package_identification:_identify(my_messages) by extension 'colcon_meta'
[0.223s] Level 1:colcon.colcon_core.package_identification:_identify(my_messages) by extensions ['ros']
[0.223s] Level 1:colcon.colcon_core.package_identification:_identify(my_messages) by extension 'ros'
[0.223s] DEBUG:colcon.colcon_core.package_identification:Package 'my_messages' with type 'ros.ament_cmake' and name 'my_messages'
[0.223s] Level 1:colcon.colcon_core.package_identification:_identify(pubsub) by extensions ['ignore', 'ignore_ament_install']
[0.223s] Level 1:colcon.colcon_core.package_identification:_identify(pubsub) by extension 'ignore'
[0.223s] Level 1:colcon.colcon_core.package_identification:_identify(pubsub) by extension 'ignore_ament_install'
[0.223s] Level 1:colcon.colcon_core.package_identification:_identify(pubsub) by extensions ['colcon_pkg']
[0.223s] Level 1:colcon.colcon_core.package_identification:_identify(pubsub) by extension 'colcon_pkg'
[0.223s] Level 1:colcon.colcon_core.package_identification:_identify(pubsub) by extensions ['colcon_meta']
[0.224s] Level 1:colcon.colcon_core.package_identification:_identify(pubsub) by extension 'colcon_meta'
[0.224s] Level 1:colcon.colcon_core.package_identification:_identify(pubsub) by extensions ['ros']
[0.224s] Level 1:colcon.colcon_core.package_identification:_identify(pubsub) by extension 'ros'
[0.224s] DEBUG:colcon.colcon_core.package_identification:Package 'pubsub' with type 'ros.ament_cmake' and name 'pubsub'
[0.224s] Level 1:colcon.colcon_core.package_identification:_identify(result) by extensions ['ignore', 'ignore_ament_install']
[0.224s] Level 1:colcon.colcon_core.package_identification:_identify(result) by extension 'ignore'
[0.224s] Level 1:colcon.colcon_core.package_identification:_identify(result) by extension 'ignore_ament_install'
[0.224s] Level 1:colcon.colcon_core.package_identification:_identify(result) by extensions ['colcon_pkg']
[0.224s] Level 1:colcon.colcon_core.package_identification:_identify(result) by extension 'colcon_pkg'
[0.224s] Level 1:colcon.colcon_core.package_identification:_identify(result) by extensions ['colcon_meta']
[0.224s] Level 1:colcon.colcon_core.package_identification:_identify(result) by extension 'colcon_meta'
[0.224s] Level 1:colcon.colcon_core.package_identification:_identify(result) by extensions ['ros']
[0.224s] Level 1:colcon.colcon_core.package_identification:_identify(result) by extension 'ros'
[0.224s] Level 1:colcon.colcon_core.package_identification:_identify(result) by extensions ['cmake', 'python']
[0.224s] Level 1:colcon.colcon_core.package_identification:_identify(result) by extension 'cmake'
[0.224s] Level 1:colcon.colcon_core.package_identification:_identify(result) by extension 'python'
[0.224s] Level 1:colcon.colcon_core.package_identification:_identify(result) by extensions ['python_setup_py']
[0.224s] Level 1:colcon.colcon_core.package_identification:_identify(result) by extension 'python_setup_py'
[0.225s] Level 1:colcon.colcon_core.package_identification:_identify(test_script) by extensions ['ignore', 'ignore_ament_install']
[0.225s] Level 1:colcon.colcon_core.package_identification:_identify(test_script) by extension 'ignore'
[0.225s] Level 1:colcon.colcon_core.package_identification:_identify(test_script) by extension 'ignore_ament_install'
[0.225s] Level 1:colcon.colcon_core.package_identification:_identify(test_script) by extensions ['colcon_pkg']
[0.225s] Level 1:colcon.colcon_core.package_identification:_identify(test_script) by extension 'colcon_pkg'
[0.225s] Level 1:colcon.colcon_core.package_identification:_identify(test_script) by extensions ['colcon_meta']
[0.225s] Level 1:colcon.colcon_core.package_identification:_identify(test_script) by extension 'colcon_meta'
[0.225s] Level 1:colcon.colcon_core.package_identification:_identify(test_script) by extensions ['ros']
[0.225s] Level 1:colcon.colcon_core.package_identification:_identify(test_script) by extension 'ros'
[0.225s] Level 1:colcon.colcon_core.package_identification:_identify(test_script) by extensions ['cmake', 'python']
[0.225s] Level 1:colcon.colcon_core.package_identification:_identify(test_script) by extension 'cmake'
[0.225s] Level 1:colcon.colcon_core.package_identification:_identify(test_script) by extension 'python'
[0.225s] Level 1:colcon.colcon_core.package_identification:_identify(test_script) by extensions ['python_setup_py']
[0.225s] Level 1:colcon.colcon_core.package_identification:_identify(test_script) by extension 'python_setup_py'
[0.225s] Level 1:colcon.colcon_core.package_discovery:discover_packages(recursive) using defaults
[0.225s] Level 1:colcon.colcon_core.package_discovery:discover_packages(ignore) discover
[0.225s] Level 1:colcon.colcon_core.package_discovery:discover_packages(ignore) using defaults
[0.225s] Level 1:colcon.colcon_core.package_discovery:discover_packages(path) discover
[0.225s] Level 1:colcon.colcon_core.package_discovery:discover_packages(path) using defaults
[0.237s] INFO:colcon.colcon_core.package_selection:Skipping not selected package 'cpp_pubsub' in 'cpp_pubsub'
[0.237s] INFO:colcon.colcon_core.package_selection:Skipping not selected package 'my_messages' in 'my_messages'
[0.239s] Level 5:colcon.colcon_core.verb:set package 'pubsub' build argument 'cmake_args' from command line to 'None'
[0.239s] Level 5:colcon.colcon_core.verb:set package 'pubsub' build argument 'cmake_target' from command line to 'None'
[0.239s] Level 5:colcon.colcon_core.verb:set package 'pubsub' build argument 'cmake_target_skip_unavailable' from command line to 'False'
[0.239s] Level 5:colcon.colcon_core.verb:set package 'pubsub' build argument 'cmake_clean_cache' from command line to 'False'
[0.239s] Level 5:colcon.colcon_core.verb:set package 'pubsub' build argument 'cmake_clean_first' from command line to 'False'
[0.239s] Level 5:colcon.colcon_core.verb:set package 'pubsub' build argument 'cmake_force_configure' from command line to 'False'
[0.239s] Level 5:colcon.colcon_core.verb:set package 'pubsub' build argument 'ament_cmake_args' from command line to 'None'
[0.239s] Level 5:colcon.colcon_core.verb:set package 'pubsub' build argument 'catkin_cmake_args' from command line to 'None'
[0.239s] Level 5:colcon.colcon_core.verb:set package 'pubsub' build argument 'catkin_skip_building_tests' from command line to 'False'
[0.239s] DEBUG:colcon.colcon_core.verb:Building package 'pubsub' with the following arguments: {'ament_cmake_args': None, 'build_base': '/home/asana/ros2-foxy-analysis/build/pubsub', 'catkin_cmake_args': None, 'catkin_skip_building_tests': False, 'cmake_args': None, 'cmake_clean_cache': False, 'cmake_clean_first': False, 'cmake_force_configure': False, 'cmake_target': None, 'cmake_target_skip_unavailable': False, 'install_base': '/home/asana/ros2-foxy-analysis/install/pubsub', 'merge_install': False, 'path': '/home/asana/ros2-foxy-analysis/pubsub', 'symlink_install': False, 'test_result_base': None}
[0.239s] INFO:colcon.colcon_core.executor:Executing jobs using 'parallel' executor
[0.241s] DEBUG:colcon.colcon_parallel_executor.executor.parallel:run_until_complete
[0.241s] INFO:colcon.colcon_ros.task.ament_cmake.build:Building ROS package in '/home/asana/ros2-foxy-analysis/pubsub' with build type 'ament_cmake'
[0.241s] INFO:colcon.colcon_cmake.task.cmake.build:Building CMake package in '/home/asana/ros2-foxy-analysis/pubsub'
[0.243s] INFO:colcon.colcon_core.plugin_system:Skipping extension 'colcon_core.shell.bat': Not used on non-Windows systems
[0.244s] INFO:colcon.colcon_core.shell:Skip shell extension 'powershell' for command environment: Not usable outside of PowerShell
[0.244s] DEBUG:colcon.colcon_core.shell:Skip shell extension 'dsv' for command environment
[0.245s] DEBUG:colcon.colcon_core.shell:Ignoring prefix path '/opt/ros/foxy'
[0.249s] DEBUG:colcon.colcon_core.event_handler.log_command:Invoking command in '/home/asana/ros2-foxy-analysis/build/pubsub': CMAKE_PREFIX_PATH=/opt/ros/foxy /usr/local/bin/cmake /home/asana/ros2-foxy-analysis/pubsub -DCMAKE_INSTALL_PREFIX=/home/asana/ros2-foxy-analysis/install/pubsub
[1.099s] DEBUG:colcon.colcon_core.event_handler.log_command:Invoked command in '/home/asana/ros2-foxy-analysis/build/pubsub' returned '0': CMAKE_PREFIX_PATH=/opt/ros/foxy /usr/local/bin/cmake /home/asana/ros2-foxy-analysis/pubsub -DCMAKE_INSTALL_PREFIX=/home/asana/ros2-foxy-analysis/install/pubsub
[1.100s] DEBUG:colcon.colcon_core.event_handler.log_command:Invoking command in '/home/asana/ros2-foxy-analysis/build/pubsub': CMAKE_PREFIX_PATH=/opt/ros/foxy /usr/local/bin/cmake --build /home/asana/ros2-foxy-analysis/build/pubsub -- -j8 -l8
[4.496s] DEBUG:colcon.colcon_core.event_handler.log_command:Invoked command in '/home/asana/ros2-foxy-analysis/build/pubsub' returned '0': CMAKE_PREFIX_PATH=/opt/ros/foxy /usr/local/bin/cmake --build /home/asana/ros2-foxy-analysis/build/pubsub -- -j8 -l8
[4.513s] DEBUG:colcon.colcon_core.event_handler.log_command:Invoking command in '/home/asana/ros2-foxy-analysis/build/pubsub': CMAKE_PREFIX_PATH=/opt/ros/foxy /usr/local/bin/cmake --install /home/asana/ros2-foxy-analysis/build/pubsub
[4.519s] Level 1:colcon.colcon_core.environment:create_environment_scripts_only(pubsub)
[4.520s] DEBUG:colcon.colcon_core.event_handler.log_command:Invoked command in '/home/asana/ros2-foxy-analysis/build/pubsub' returned '0': CMAKE_PREFIX_PATH=/opt/ros/foxy /usr/local/bin/cmake --install /home/asana/ros2-foxy-analysis/build/pubsub
[4.522s] Level 1:colcon.colcon_core.environment:checking '/home/asana/ros2-foxy-analysis/install/pubsub' for CMake module files
[4.522s] Level 1:colcon.colcon_core.environment:checking '/home/asana/ros2-foxy-analysis/install/pubsub' for CMake config files
[4.522s] Level 1:colcon.colcon_core.shell:create_environment_hook('pubsub', 'cmake_prefix_path')
[4.522s] INFO:colcon.colcon_core.shell:Creating environment hook '/home/asana/ros2-foxy-analysis/install/pubsub/share/pubsub/hook/cmake_prefix_path.ps1'
[4.523s] INFO:colcon.colcon_core.shell:Creating environment descriptor '/home/asana/ros2-foxy-analysis/install/pubsub/share/pubsub/hook/cmake_prefix_path.dsv'
[4.523s] INFO:colcon.colcon_core.shell:Creating environment hook '/home/asana/ros2-foxy-analysis/install/pubsub/share/pubsub/hook/cmake_prefix_path.sh'
[4.524s] Level 1:colcon.colcon_core.environment:checking '/home/asana/ros2-foxy-analysis/install/pubsub/lib'
[4.524s] Level 1:colcon.colcon_core.environment:checking '/home/asana/ros2-foxy-analysis/install/pubsub/bin'
[4.524s] Level 1:colcon.colcon_core.environment:checking '/home/asana/ros2-foxy-analysis/install/pubsub/lib/pkgconfig/pubsub.pc'
[4.524s] Level 1:colcon.colcon_core.environment:checking '/home/asana/ros2-foxy-analysis/install/pubsub/lib/python3.8/site-packages'
[4.524s] INFO:colcon.colcon_core.shell:Creating package script '/home/asana/ros2-foxy-analysis/install/pubsub/share/pubsub/package.ps1'
[4.525s] INFO:colcon.colcon_core.shell:Creating package descriptor '/home/asana/ros2-foxy-analysis/install/pubsub/share/pubsub/package.dsv'
[4.525s] INFO:colcon.colcon_core.shell:Creating package script '/home/asana/ros2-foxy-analysis/install/pubsub/share/pubsub/package.sh'
[4.526s] INFO:colcon.colcon_core.shell:Creating package script '/home/asana/ros2-foxy-analysis/install/pubsub/share/pubsub/package.bash'
[4.526s] INFO:colcon.colcon_core.shell:Creating package script '/home/asana/ros2-foxy-analysis/install/pubsub/share/pubsub/package.zsh'
[4.526s] Level 1:colcon.colcon_core.environment:create_file_with_runtime_dependencies(/home/asana/ros2-foxy-analysis/install/pubsub/share/colcon-core/packages/pubsub)
[4.539s] Level 1:colcon.colcon_core.environment:create_environment_scripts_only(pubsub)
[4.540s] Level 1:colcon.colcon_core.environment:checking '/home/asana/ros2-foxy-analysis/install/pubsub' for CMake module files
[4.540s] Level 1:colcon.colcon_core.environment:checking '/home/asana/ros2-foxy-analysis/install/pubsub' for CMake config files
[4.540s] Level 1:colcon.colcon_core.shell:create_environment_hook('pubsub', 'cmake_prefix_path')
[4.540s] INFO:colcon.colcon_core.shell:Creating environment hook '/home/asana/ros2-foxy-analysis/install/pubsub/share/pubsub/hook/cmake_prefix_path.ps1'
[4.541s] INFO:colcon.colcon_core.shell:Creating environment descriptor '/home/asana/ros2-foxy-analysis/install/pubsub/share/pubsub/hook/cmake_prefix_path.dsv'
[4.541s] INFO:colcon.colcon_core.shell:Creating environment hook '/home/asana/ros2-foxy-analysis/install/pubsub/share/pubsub/hook/cmake_prefix_path.sh'
[4.541s] Level 1:colcon.colcon_core.environment:checking '/home/asana/ros2-foxy-analysis/install/pubsub/lib'
[4.541s] Level 1:colcon.colcon_core.environment:checking '/home/asana/ros2-foxy-analysis/install/pubsub/bin'
[4.541s] Level 1:colcon.colcon_core.environment:checking '/home/asana/ros2-foxy-analysis/install/pubsub/lib/pkgconfig/pubsub.pc'
[4.541s] Level 1:colcon.colcon_core.environment:checking '/home/asana/ros2-foxy-analysis/install/pubsub/lib/python3.8/site-packages'
[4.542s] INFO:colcon.colcon_core.shell:Creating package script '/home/asana/ros2-foxy-analysis/install/pubsub/share/pubsub/package.ps1'
[4.542s] INFO:colcon.colcon_core.shell:Creating package descriptor '/home/asana/ros2-foxy-analysis/install/pubsub/share/pubsub/package.dsv'
[4.542s] INFO:colcon.colcon_core.shell:Creating package script '/home/asana/ros2-foxy-analysis/install/pubsub/share/pubsub/package.sh'
[4.543s] INFO:colcon.colcon_core.shell:Creating package script '/home/asana/ros2-foxy-analysis/install/pubsub/share/pubsub/package.bash'
[4.543s] INFO:colcon.colcon_core.shell:Creating package script '/home/asana/ros2-foxy-analysis/install/pubsub/share/pubsub/package.zsh'
[4.543s] Level 1:colcon.colcon_core.environment:create_file_with_runtime_dependencies(/home/asana/ros2-foxy-analysis/install/pubsub/share/colcon-core/packages/pubsub)
[4.543s] DEBUG:colcon.colcon_parallel_executor.executor.parallel:closing loop
[4.544s] DEBUG:colcon.colcon_parallel_executor.executor.parallel:loop closed
[4.544s] DEBUG:colcon.colcon_parallel_executor.executor.parallel:run_until_complete finished with '0'
[4.544s] DEBUG:colcon.colcon_core.event_reactor:joining thread
[4.548s] INFO:colcon.colcon_core.plugin_system:Skipping extension 'colcon_notification.desktop_notification.terminal_notifier': Not used on non-Darwin systems
[4.548s] INFO:colcon.colcon_core.plugin_system:Skipping extension 'colcon_notification.desktop_notification.win32': Not used on non-Windows systems
[4.549s] INFO:colcon.colcon_notification.desktop_notification:Sending desktop notification using 'notify2'
[4.559s] DEBUG:colcon.colcon_core.event_reactor:joined thread
[4.560s] INFO:colcon.colcon_core.shell:Creating prefix script '/home/asana/ros2-foxy-analysis/install/local_setup.ps1'
[4.560s] INFO:colcon.colcon_core.shell:Creating prefix util module '/home/asana/ros2-foxy-analysis/install/_local_setup_util_ps1.py'
[4.561s] INFO:colcon.colcon_core.shell:Creating prefix chain script '/home/asana/ros2-foxy-analysis/install/setup.ps1'
[4.562s] INFO:colcon.colcon_core.shell:Creating prefix script '/home/asana/ros2-foxy-analysis/install/local_setup.sh'
[4.563s] INFO:colcon.colcon_core.shell:Creating prefix util module '/home/asana/ros2-foxy-analysis/install/_local_setup_util_sh.py'
[4.563s] INFO:colcon.colcon_core.shell:Creating prefix chain script '/home/asana/ros2-foxy-analysis/install/setup.sh'
[4.564s] INFO:colcon.colcon_core.shell:Creating prefix script '/home/asana/ros2-foxy-analysis/install/local_setup.bash'
[4.565s] INFO:colcon.colcon_core.shell:Creating prefix chain script '/home/asana/ros2-foxy-analysis/install/setup.bash'
[4.566s] INFO:colcon.colcon_core.shell:Creating prefix script '/home/asana/ros2-foxy-analysis/install/local_setup.zsh'
[4.566s] INFO:colcon.colcon_core.shell:Creating prefix chain script '/home/asana/ros2-foxy-analysis/install/setup.zsh'
