[0.017s] Invoking command in '/home/pflab/ros2_foxy_analysis/build/pubsub': CMAKE_PREFIX_PATH=${CMAKE_PREFIX_PATH}:/opt/ros/foxy /usr/local/bin/cmake --build /home/pflab/ros2_foxy_analysis/build/pubsub -- -j12 -l12
[0.037s] [ 50%] [32mBuilding CXX object CMakeFiles/listener.dir/src/subscriber_member_function.cpp.o[0m
[0.037s] [ 75%] Built target talker
[1.049s] [01m[K/home/pflab/ros2_foxy_analysis/pubsub/src/subscriber_member_function.cpp:[m[K In member function ‘[01m[Kvoid MinimalSubscriber::topic_callback(std_msgs::msg::Int32MultiArray_<std::allocator<void> >::SharedPtr) const[m[K’:
[1.050s] [01m[K/home/pflab/ros2_foxy_analysis/pubsub/src/subscriber_member_function.cpp:41:20:[m[K [01;31m[Kerror: [m[K‘[01m[Kconst SharedPtr[m[K’ {aka ‘[01m[Kconst class std::shared_ptr<std_msgs::msg::Int32MultiArray_<std::allocator<void> > >[m[K’} has no member named ‘[01m[Kdata[m[K’
[1.050s]    41 |       sum += array.[01;31m[Kdata[m[K[i];
[1.050s]       |                    [01;31m[K^~~~[m[K
[1.050s] In file included from [01m[K/opt/ros/foxy/include/rclcpp/service.hpp:34[m[K,
[1.050s]                  from [01m[K/opt/ros/foxy/include/rclcpp/callback_group.hpp:25[m[K,
[1.050s]                  from [01m[K/opt/ros/foxy/include/rclcpp/any_executable.hpp:20[m[K,
[1.050s]                  from [01m[K/opt/ros/foxy/include/rclcpp/memory_strategy.hpp:24[m[K,
[1.050s]                  from [01m[K/opt/ros/foxy/include/rclcpp/memory_strategies.hpp:18[m[K,
[1.050s]                  from [01m[K/opt/ros/foxy/include/rclcpp/executor_options.hpp:20[m[K,
[1.050s]                  from [01m[K/opt/ros/foxy/include/rclcpp/executor.hpp:33[m[K,
[1.050s]                  from [01m[K/opt/ros/foxy/include/rclcpp/executors/multi_threaded_executor.hpp:25[m[K,
[1.050s]                  from [01m[K/opt/ros/foxy/include/rclcpp/executors.hpp:21[m[K,
[1.050s]                  from [01m[K/opt/ros/foxy/include/rclcpp/rclcpp.hpp:146[m[K,
[1.050s]                  from [01m[K/home/pflab/ros2_foxy_analysis/pubsub/src/subscriber_member_function.cpp:17[m[K:
[1.050s] [01m[K/home/pflab/ros2_foxy_analysis/pubsub/src/subscriber_member_function.cpp:43:5:[m[K [01;31m[Kerror: [m[Kstatic assertion failed: First argument to logging macros must be an rclcpp::Logger
[1.050s]    43 |     [01;31m[KRCLCPP_INFO[m[K("sum is: %d", sum);
[1.051s]       |     [01;31m[K^~~~~~~~~~~[m[K
[1.051s] In file included from [01m[K/opt/ros/foxy/include/rclcpp/client.hpp:40[m[K,
[1.051s]                  from [01m[K/opt/ros/foxy/include/rclcpp/callback_group.hpp:23[m[K,
[1.051s]                  from [01m[K/opt/ros/foxy/include/rclcpp/any_executable.hpp:20[m[K,
[1.051s]                  from [01m[K/opt/ros/foxy/include/rclcpp/memory_strategy.hpp:24[m[K,
[1.051s]                  from [01m[K/opt/ros/foxy/include/rclcpp/memory_strategies.hpp:18[m[K,
[1.051s]                  from [01m[K/opt/ros/foxy/include/rclcpp/executor_options.hpp:20[m[K,
[1.051s]                  from [01m[K/opt/ros/foxy/include/rclcpp/executor.hpp:33[m[K,
[1.051s]                  from [01m[K/opt/ros/foxy/include/rclcpp/executors/multi_threaded_executor.hpp:25[m[K,
[1.051s]                  from [01m[K/opt/ros/foxy/include/rclcpp/executors.hpp:21[m[K,
[1.051s]                  from [01m[K/opt/ros/foxy/include/rclcpp/rclcpp.hpp:146[m[K,
[1.051s]                  from [01m[K/home/pflab/ros2_foxy_analysis/pubsub/src/subscriber_member_function.cpp:17[m[K:
[1.051s] [01m[K/home/pflab/ros2_foxy_analysis/pubsub/src/subscriber_member_function.cpp:43:5:[m[K [01;31m[Kerror: [m[Krequest for member ‘[01m[Kget_name[m[K’ in ‘[01m[K"sum is: %d"[m[K’, which is of non-class type ‘[01m[Kconst char [11][m[K’
[1.051s]    43 |     [01;31m[KRCLCPP_INFO[m[K("sum is: %d", sum);
[1.051s]       |     [01;31m[K^~~~~~~~~~~[m[K
[1.051s] [01m[K/home/pflab/ros2_foxy_analysis/pubsub/src/subscriber_member_function.cpp:43:5:[m[K [01;31m[Kerror: [m[Krequest for member ‘[01m[Kget_name[m[K’ in ‘[01m[K"sum is: %d"[m[K’, which is of non-class type ‘[01m[Kconst char [11][m[K’
[1.051s]    43 |     [01;31m[KRCLCPP_INFO[m[K("sum is: %d", sum);
[1.051s]       |     [01;31m[K^~~~~~~~~~~[m[K
[1.051s] [01m[K/home/pflab/ros2_foxy_analysis/pubsub/src/subscriber_member_function.cpp:43:31:[m[K [01;31m[Kerror: [m[Kinvalid conversion from ‘[01m[Kint[m[K’ to ‘[01m[Kconst char*[m[K’ [[01;31m[K-fpermissive[m[K]
[1.051s]    43 |     RCLCPP_INFO("sum is: %d", [01;31m[Ksum[m[K);
[1.051s]       |                               [01;31m[K^~~[m[K
[1.051s]       |                               [01;31m[K|[m[K
[1.052s]       |                               [01;31m[Kint[m[K
[1.052s] In file included from [01m[K/opt/ros/foxy/include/rclcpp/client.hpp:36[m[K,
[1.052s]                  from [01m[K/opt/ros/foxy/include/rclcpp/callback_group.hpp:23[m[K,
[1.052s]                  from [01m[K/opt/ros/foxy/include/rclcpp/any_executable.hpp:20[m[K,
[1.052s]                  from [01m[K/opt/ros/foxy/include/rclcpp/memory_strategy.hpp:24[m[K,
[1.052s]                  from [01m[K/opt/ros/foxy/include/rclcpp/memory_strategies.hpp:18[m[K,
[1.052s]                  from [01m[K/opt/ros/foxy/include/rclcpp/executor_options.hpp:20[m[K,
[1.052s]                  from [01m[K/opt/ros/foxy/include/rclcpp/executor.hpp:33[m[K,
[1.052s]                  from [01m[K/opt/ros/foxy/include/rclcpp/executors/multi_threaded_executor.hpp:25[m[K,
[1.052s]                  from [01m[K/opt/ros/foxy/include/rclcpp/executors.hpp:21[m[K,
[1.052s]                  from [01m[K/opt/ros/foxy/include/rclcpp/rclcpp.hpp:146[m[K,
[1.052s]                  from [01m[K/home/pflab/ros2_foxy_analysis/pubsub/src/subscriber_member_function.cpp:17[m[K:
[1.052s] [01m[K/opt/ros/foxy/include/rclcpp/utilities.hpp:296:27:[m[K [01;36m[Knote: [m[K  initializing argument 1 of ‘[01m[Kconst char* rclcpp::get_c_string(const char*)[m[K’
[1.052s]   296 | get_c_string([01;36m[Kconst char * string_in[m[K);
[1.052s]       |              [01;36m[K~~~~~~~~~~~~~^~~~~~~~~[m[K
[2.089s] make[2]: *** [CMakeFiles/listener.dir/build.make:82: CMakeFiles/listener.dir/src/subscriber_member_function.cpp.o] エラー 1
[2.090s] make[1]: *** [CMakeFiles/Makefile2:99: CMakeFiles/listener.dir/all] エラー 2
[2.090s] make: *** [Makefile:160: all] エラー 2
[2.091s] Invoked command in '/home/pflab/ros2_foxy_analysis/build/pubsub' returned '2': CMAKE_PREFIX_PATH=${CMAKE_PREFIX_PATH}:/opt/ros/foxy /usr/local/bin/cmake --build /home/pflab/ros2_foxy_analysis/build/pubsub -- -j12 -l12
