-- The C compiler identification is GNU 9.3.0
-- The CXX compiler identification is GNU 9.3.0
-- Detecting C compiler ABI info
-- Detecting C compiler ABI info - done
-- Check for working C compiler: /usr/bin/cc - skipped
-- Detecting C compile features
-- Detecting C compile features - done
-- Detecting CXX compiler ABI info
-- Detecting CXX compiler ABI info - done
-- Check for working CXX compiler: /usr/bin/c++ - skipped
-- Detecting CXX compile features
-- Detecting CXX compile features - done
-- Found ament_cmake: 0.9.8 (/opt/ros/foxy/share/ament_cmake/cmake)
-- Found PythonInterp: /usr/bin/python3 (found suitable version "3.8.5", minimum required is "3") 
-- Using PYTHON_EXECUTABLE: /usr/bin/python3
-- Found rclcpp: 2.3.0 (/opt/ros/foxy/share/rclcpp/cmake)
-- Using all available rosidl_typesupport_c: rosidl_typesupport_fastrtps_c;rosidl_typesupport_introspection_c
-- Found rosidl_adapter: 1.2.0 (/opt/ros/foxy/share/rosidl_adapter/cmake)
-- Found OpenSSL: /usr/lib/x86_64-linux-gnu/libcrypto.so (found version "1.1.1f")  
-- Found FastRTPS: /opt/ros/foxy/include  
-- Using all available rosidl_typesupport_cpp: rosidl_typesupport_fastrtps_cpp;rosidl_typesupport_introspection_cpp
-- Found rmw_implementation_cmake: 1.0.2 (/opt/ros/foxy/share/rmw_implementation_cmake/cmake)
-- Using RMW implementation 'rmw_fastrtps_cpp' as default
-- Looking for pthread.h
-- Looking for pthread.h - found
-- Performing Test CMAKE_HAVE_LIBC_PTHREAD
-- Performing Test CMAKE_HAVE_LIBC_PTHREAD - Failed
-- Looking for pthread_create in pthreads
-- Looking for pthread_create in pthreads - not found
-- Looking for pthread_create in pthread
-- Looking for pthread_create in pthread - found
-- Found Threads: TRUE  
-- Configuring done
-- Generating done
-- Build files have been written to: /home/pflab/ros2_analysis/build/pubsub
[35m[1mScanning dependencies of target listener[0m
[35m[1mScanning dependencies of target talker[0m
[ 50%] [32mBuilding CXX object CMakeFiles/talker.dir/src/publisher_member_function.cpp.o[0m
[ 50%] [32mBuilding CXX object CMakeFiles/listener.dir/src/subscriber_member_function.cpp.o[0m
[ 75%] [32m[1mLinking CXX executable talker[0m
[ 75%] Built target talker
[100%] [32m[1mLinking CXX executable listener[0m
[100%] Built target listener
-- Install configuration: ""
-- Installing: /home/pflab/ros2_analysis/install/pubsub/lib/pubsub/talker
-- Set runtime path of "/home/pflab/ros2_analysis/install/pubsub/lib/pubsub/talker" to ""
-- Installing: /home/pflab/ros2_analysis/install/pubsub/lib/pubsub/listener
-- Set runtime path of "/home/pflab/ros2_analysis/install/pubsub/lib/pubsub/listener" to ""
-- Installing: /home/pflab/ros2_analysis/install/pubsub/share/ament_index/resource_index/package_run_dependencies/pubsub
-- Installing: /home/pflab/ros2_analysis/install/pubsub/share/ament_index/resource_index/parent_prefix_path/pubsub
-- Installing: /home/pflab/ros2_analysis/install/pubsub/share/pubsub/environment/ament_prefix_path.sh
-- Installing: /home/pflab/ros2_analysis/install/pubsub/share/pubsub/environment/ament_prefix_path.dsv
-- Installing: /home/pflab/ros2_analysis/install/pubsub/share/pubsub/environment/path.sh
-- Installing: /home/pflab/ros2_analysis/install/pubsub/share/pubsub/environment/path.dsv
-- Installing: /home/pflab/ros2_analysis/install/pubsub/share/pubsub/local_setup.bash
-- Installing: /home/pflab/ros2_analysis/install/pubsub/share/pubsub/local_setup.sh
-- Installing: /home/pflab/ros2_analysis/install/pubsub/share/pubsub/local_setup.zsh
-- Installing: /home/pflab/ros2_analysis/install/pubsub/share/pubsub/local_setup.dsv
-- Installing: /home/pflab/ros2_analysis/install/pubsub/share/pubsub/package.dsv
-- Installing: /home/pflab/ros2_analysis/install/pubsub/share/ament_index/resource_index/packages/pubsub
-- Installing: /home/pflab/ros2_analysis/install/pubsub/share/pubsub/cmake/pubsubConfig.cmake
-- Installing: /home/pflab/ros2_analysis/install/pubsub/share/pubsub/cmake/pubsubConfig-version.cmake
-- Installing: /home/pflab/ros2_analysis/install/pubsub/share/pubsub/package.xml
