[0.024s] Invoking command in '/home/pflab/ros2_analysis/build/pubsub': CMAKE_PREFIX_PATH=/opt/ros/foxy /usr/local/bin/cmake /home/pflab/ros2_analysis/pubsub -DCMAKE_INSTALL_PREFIX=/home/pflab/ros2_analysis/install/pubsub
[0.151s] -- The C compiler identification is GNU 9.3.0
[0.245s] -- The CXX compiler identification is GNU 9.3.0
[0.252s] -- Detecting C compiler ABI info
[0.295s] -- Detecting C compiler ABI info - done
[0.303s] -- Check for working C compiler: /usr/bin/cc - skipped
[0.303s] -- Detecting C compile features
[0.303s] -- Detecting C compile features - done
[0.307s] -- Detecting CXX compiler ABI info
[0.360s] -- Detecting CXX compiler ABI info - done
[0.368s] -- Check for working CXX compiler: /usr/bin/c++ - skipped
[0.368s] -- Detecting CXX compile features
[0.368s] -- Detecting CXX compile features - done
[0.371s] -- Found ament_cmake: 0.9.8 (/opt/ros/foxy/share/ament_cmake/cmake)
[0.395s] -- Found PythonInterp: /usr/bin/python3 (found suitable version "3.8.5", minimum required is "3") 
[0.395s] -- Using PYTHON_EXECUTABLE: /usr/bin/python3
[0.563s] -- Found rclcpp: 2.3.0 (/opt/ros/foxy/share/rclcpp/cmake)
[0.598s] -- Using all available rosidl_typesupport_c: rosidl_typesupport_fastrtps_c;rosidl_typesupport_introspection_c
[0.604s] -- Found rosidl_adapter: 1.2.0 (/opt/ros/foxy/share/rosidl_adapter/cmake)
[0.661s] -- Found OpenSSL: /usr/lib/x86_64-linux-gnu/libcrypto.so (found version "1.1.1f")  
[0.678s] -- Found FastRTPS: /opt/ros/foxy/include  
[0.725s] -- Using all available rosidl_typesupport_cpp: rosidl_typesupport_fastrtps_cpp;rosidl_typesupport_introspection_cpp
[0.763s] -- Found rmw_implementation_cmake: 1.0.2 (/opt/ros/foxy/share/rmw_implementation_cmake/cmake)
[0.764s] -- Using RMW implementation 'rmw_fastrtps_cpp' as default
[0.765s] -- Looking for pthread.h
[0.803s] -- Looking for pthread.h - found
[0.803s] -- Performing Test CMAKE_HAVE_LIBC_PTHREAD
[0.838s] -- Performing Test CMAKE_HAVE_LIBC_PTHREAD - Failed
[0.838s] -- Looking for pthread_create in pthreads
[0.865s] -- Looking for pthread_create in pthreads - not found
[0.865s] -- Looking for pthread_create in pthread
[0.914s] -- Looking for pthread_create in pthread - found
[0.915s] -- Found Threads: TRUE  
[1.048s] -- Configuring done
[1.055s] -- Generating done
[1.056s] -- Build files have been written to: /home/pflab/ros2_analysis/build/pubsub
[1.060s] Invoked command in '/home/pflab/ros2_analysis/build/pubsub' returned '0': CMAKE_PREFIX_PATH=/opt/ros/foxy /usr/local/bin/cmake /home/pflab/ros2_analysis/pubsub -DCMAKE_INSTALL_PREFIX=/home/pflab/ros2_analysis/install/pubsub
[1.062s] Invoking command in '/home/pflab/ros2_analysis/build/pubsub': CMAKE_PREFIX_PATH=/opt/ros/foxy /usr/local/bin/cmake --build /home/pflab/ros2_analysis/build/pubsub -- -j12 -l12
[1.073s] [35m[1mScanning dependencies of target listener[0m
[1.073s] [35m[1mScanning dependencies of target talker[0m
[1.126s] [ 50%] [32mBuilding CXX object CMakeFiles/talker.dir/src/publisher_member_function.cpp.o[0m
[1.126s] [ 50%] [32mBuilding CXX object CMakeFiles/listener.dir/src/subscriber_member_function.cpp.o[0m
[3.397s] [ 75%] [32m[1mLinking CXX executable talker[0m
[3.503s] [ 75%] Built target talker
[4.542s] [100%] [32m[1mLinking CXX executable listener[0m
[4.669s] [100%] Built target listener
[4.674s] Invoked command in '/home/pflab/ros2_analysis/build/pubsub' returned '0': CMAKE_PREFIX_PATH=/opt/ros/foxy /usr/local/bin/cmake --build /home/pflab/ros2_analysis/build/pubsub -- -j12 -l12
[4.692s] Invoking command in '/home/pflab/ros2_analysis/build/pubsub': CMAKE_PREFIX_PATH=/opt/ros/foxy /usr/local/bin/cmake --install /home/pflab/ros2_analysis/build/pubsub
[4.694s] -- Install configuration: ""
[4.695s] -- Installing: /home/pflab/ros2_analysis/install/pubsub/lib/pubsub/talker
[4.695s] -- Set runtime path of "/home/pflab/ros2_analysis/install/pubsub/lib/pubsub/talker" to ""
[4.695s] -- Installing: /home/pflab/ros2_analysis/install/pubsub/lib/pubsub/listener
[4.696s] -- Set runtime path of "/home/pflab/ros2_analysis/install/pubsub/lib/pubsub/listener" to ""
[4.697s] -- Installing: /home/pflab/ros2_analysis/install/pubsub/share/ament_index/resource_index/package_run_dependencies/pubsub
[4.697s] -- Installing: /home/pflab/ros2_analysis/install/pubsub/share/ament_index/resource_index/parent_prefix_path/pubsub
[4.697s] -- Installing: /home/pflab/ros2_analysis/install/pubsub/share/pubsub/environment/ament_prefix_path.sh
[4.698s] -- Installing: /home/pflab/ros2_analysis/install/pubsub/share/pubsub/environment/ament_prefix_path.dsv
[4.698s] -- Installing: /home/pflab/ros2_analysis/install/pubsub/share/pubsub/environment/path.sh
[4.698s] -- Installing: /home/pflab/ros2_analysis/install/pubsub/share/pubsub/environment/path.dsv
[4.698s] -- Installing: /home/pflab/ros2_analysis/install/pubsub/share/pubsub/local_setup.bash
[4.698s] -- Installing: /home/pflab/ros2_analysis/install/pubsub/share/pubsub/local_setup.sh
[4.699s] -- Installing: /home/pflab/ros2_analysis/install/pubsub/share/pubsub/local_setup.zsh
[4.699s] -- Installing: /home/pflab/ros2_analysis/install/pubsub/share/pubsub/local_setup.dsv
[4.699s] -- Installing: /home/pflab/ros2_analysis/install/pubsub/share/pubsub/package.dsv
[4.699s] -- Installing: /home/pflab/ros2_analysis/install/pubsub/share/ament_index/resource_index/packages/pubsub
[4.699s] -- Installing: /home/pflab/ros2_analysis/install/pubsub/share/pubsub/cmake/pubsubConfig.cmake
[4.699s] -- Installing: /home/pflab/ros2_analysis/install/pubsub/share/pubsub/cmake/pubsubConfig-version.cmake
[4.699s] -- Installing: /home/pflab/ros2_analysis/install/pubsub/share/pubsub/package.xml
[4.701s] Invoked command in '/home/pflab/ros2_analysis/build/pubsub' returned '0': CMAKE_PREFIX_PATH=/opt/ros/foxy /usr/local/bin/cmake --install /home/pflab/ros2_analysis/build/pubsub
