[0.247s] DEBUG:colcon:Command line arguments: ['/home/pflab/.local/bin/colcon', 'build', '--packages-select', 'pubsub']
[0.247s] DEBUG:colcon:Parsed command line arguments: Namespace(ament_cmake_args=None, base_paths=['.'], build_base='build', catkin_cmake_args=None, catkin_skip_building_tests=False, cmake_args=None, cmake_clean_cache=False, cmake_clean_first=False, cmake_force_configure=False, cmake_target=None, cmake_target_skip_unavailable=False, continue_on_error=False, event_handlers=None, executor='parallel', ignore_user_meta=False, install_base='install', log_base=None, log_level=None, main=<bound method BuildVerb.main of <colcon_core.verb.build.BuildVerb object at 0x7f833cab5250>>, merge_install=False, metas=['./colcon.meta'], packages_above=None, packages_above_and_dependencies=None, packages_above_depth=None, packages_end=None, packages_ignore=None, packages_ignore_regex=None, packages_select=['pubsub'], packages_select_build_failed=False, packages_select_by_dep=None, packages_select_regex=None, packages_select_test_failures=False, packages_skip=None, packages_skip_build_finished=False, packages_skip_by_dep=None, packages_skip_regex=None, packages_skip_test_passed=False, packages_skip_up_to=None, packages_start=None, packages_up_to=None, packages_up_to_regex=None, parallel_workers=12, paths=None, symlink_install=False, test_result_base=None, verb_extension=<colcon_core.verb.build.BuildVerb object at 0x7f833cab5250>, verb_name='build', verb_parser=<colcon_defaults.argument_parser.defaults.DefaultArgumentsDecorator object at 0x7f833cab5790>)
[0.253s] Level 1:colcon.colcon_core.package_discovery:discover_packages(colcon_meta) check parameters
[0.253s] Level 1:colcon.colcon_core.package_discovery:discover_packages(recursive) check parameters
[0.253s] Level 1:colcon.colcon_core.package_discovery:discover_packages(ignore) check parameters
[0.253s] Level 1:colcon.colcon_core.package_discovery:discover_packages(path) check parameters
[0.253s] Level 1:colcon.colcon_core.package_discovery:discover_packages(colcon_meta) discover
[0.253s] Level 1:colcon.colcon_core.package_discovery:discover_packages(recursive) discover
[0.253s] INFO:colcon.colcon_core.package_discovery:Crawling recursively for packages in '/home/pflab/ros2_foxy_analysis'
[0.253s] Level 1:colcon.colcon_core.package_identification:_identify(.) by extensions ['ignore', 'ignore_ament_install']
[0.253s] Level 1:colcon.colcon_core.package_identification:_identify(.) by extension 'ignore'
[0.253s] Level 1:colcon.colcon_core.package_identification:_identify(.) by extension 'ignore_ament_install'
[0.253s] Level 1:colcon.colcon_core.package_identification:_identify(.) by extensions ['colcon_pkg']
[0.253s] Level 1:colcon.colcon_core.package_identification:_identify(.) by extension 'colcon_pkg'
[0.253s] Level 1:colcon.colcon_core.package_identification:_identify(.) by extensions ['colcon_meta']
[0.253s] Level 1:colcon.colcon_core.package_identification:_identify(.) by extension 'colcon_meta'
[0.253s] Level 1:colcon.colcon_core.package_identification:_identify(.) by extensions ['ros']
[0.253s] Level 1:colcon.colcon_core.package_identification:_identify(.) by extension 'ros'
[0.262s] Level 1:colcon.colcon_core.package_identification:_identify(.) by extensions ['cmake', 'python']
[0.262s] Level 1:colcon.colcon_core.package_identification:_identify(.) by extension 'cmake'
[0.262s] Level 1:colcon.colcon_core.package_identification:_identify(.) by extension 'python'
[0.262s] Level 1:colcon.colcon_core.package_identification:_identify(.) by extensions ['python_setup_py']
[0.262s] Level 1:colcon.colcon_core.package_identification:_identify(.) by extension 'python_setup_py'
[0.262s] Level 1:colcon.colcon_core.package_identification:_identify(build) by extensions ['ignore', 'ignore_ament_install']
[0.262s] Level 1:colcon.colcon_core.package_identification:_identify(build) by extension 'ignore'
[0.262s] Level 1:colcon.colcon_core.package_identification:_identify(build) ignored
[0.262s] Level 1:colcon.colcon_core.package_identification:_identify(install) by extensions ['ignore', 'ignore_ament_install']
[0.262s] Level 1:colcon.colcon_core.package_identification:_identify(install) by extension 'ignore'
[0.262s] Level 1:colcon.colcon_core.package_identification:_identify(install) ignored
[0.262s] Level 1:colcon.colcon_core.package_identification:_identify(log) by extensions ['ignore', 'ignore_ament_install']
[0.262s] Level 1:colcon.colcon_core.package_identification:_identify(log) by extension 'ignore'
[0.262s] Level 1:colcon.colcon_core.package_identification:_identify(log) ignored
[0.262s] Level 1:colcon.colcon_core.package_identification:_identify(my_messages) by extensions ['ignore', 'ignore_ament_install']
[0.263s] Level 1:colcon.colcon_core.package_identification:_identify(my_messages) by extension 'ignore'
[0.263s] Level 1:colcon.colcon_core.package_identification:_identify(my_messages) by extension 'ignore_ament_install'
[0.263s] Level 1:colcon.colcon_core.package_identification:_identify(my_messages) by extensions ['colcon_pkg']
[0.263s] Level 1:colcon.colcon_core.package_identification:_identify(my_messages) by extension 'colcon_pkg'
[0.263s] Level 1:colcon.colcon_core.package_identification:_identify(my_messages) by extensions ['colcon_meta']
[0.263s] Level 1:colcon.colcon_core.package_identification:_identify(my_messages) by extension 'colcon_meta'
[0.263s] Level 1:colcon.colcon_core.package_identification:_identify(my_messages) by extensions ['ros']
[0.263s] Level 1:colcon.colcon_core.package_identification:_identify(my_messages) by extension 'ros'
[0.265s] DEBUG:colcon.colcon_core.package_identification:Package 'my_messages' with type 'ros.ament_cmake' and name 'my_messages'
[0.265s] Level 1:colcon.colcon_core.package_identification:_identify(pubsub) by extensions ['ignore', 'ignore_ament_install']
[0.265s] Level 1:colcon.colcon_core.package_identification:_identify(pubsub) by extension 'ignore'
[0.265s] Level 1:colcon.colcon_core.package_identification:_identify(pubsub) by extension 'ignore_ament_install'
[0.265s] Level 1:colcon.colcon_core.package_identification:_identify(pubsub) by extensions ['colcon_pkg']
[0.265s] Level 1:colcon.colcon_core.package_identification:_identify(pubsub) by extension 'colcon_pkg'
[0.265s] Level 1:colcon.colcon_core.package_identification:_identify(pubsub) by extensions ['colcon_meta']
[0.265s] Level 1:colcon.colcon_core.package_identification:_identify(pubsub) by extension 'colcon_meta'
[0.265s] Level 1:colcon.colcon_core.package_identification:_identify(pubsub) by extensions ['ros']
[0.265s] Level 1:colcon.colcon_core.package_identification:_identify(pubsub) by extension 'ros'
[0.265s] DEBUG:colcon.colcon_core.package_identification:Package 'pubsub' with type 'ros.ament_cmake' and name 'pubsub'
[0.265s] Level 1:colcon.colcon_core.package_discovery:discover_packages(recursive) using defaults
[0.265s] Level 1:colcon.colcon_core.package_discovery:discover_packages(ignore) discover
[0.265s] Level 1:colcon.colcon_core.package_discovery:discover_packages(ignore) using defaults
[0.266s] Level 1:colcon.colcon_core.package_discovery:discover_packages(path) discover
[0.266s] Level 1:colcon.colcon_core.package_discovery:discover_packages(path) using defaults
[0.278s] INFO:colcon.colcon_core.package_selection:Skipping not selected package 'my_messages' in 'my_messages'
[0.280s] Level 5:colcon.colcon_core.verb:set package 'pubsub' build argument 'cmake_args' from command line to 'None'
[0.280s] Level 5:colcon.colcon_core.verb:set package 'pubsub' build argument 'cmake_target' from command line to 'None'
[0.280s] Level 5:colcon.colcon_core.verb:set package 'pubsub' build argument 'cmake_target_skip_unavailable' from command line to 'False'
[0.280s] Level 5:colcon.colcon_core.verb:set package 'pubsub' build argument 'cmake_clean_cache' from command line to 'False'
[0.280s] Level 5:colcon.colcon_core.verb:set package 'pubsub' build argument 'cmake_clean_first' from command line to 'False'
[0.280s] Level 5:colcon.colcon_core.verb:set package 'pubsub' build argument 'cmake_force_configure' from command line to 'False'
[0.280s] Level 5:colcon.colcon_core.verb:set package 'pubsub' build argument 'ament_cmake_args' from command line to 'None'
[0.280s] Level 5:colcon.colcon_core.verb:set package 'pubsub' build argument 'catkin_cmake_args' from command line to 'None'
[0.280s] Level 5:colcon.colcon_core.verb:set package 'pubsub' build argument 'catkin_skip_building_tests' from command line to 'False'
[0.280s] DEBUG:colcon.colcon_core.verb:Building package 'pubsub' with the following arguments: {'ament_cmake_args': None, 'build_base': '/home/pflab/ros2_foxy_analysis/build/pubsub', 'catkin_cmake_args': None, 'catkin_skip_building_tests': False, 'cmake_args': None, 'cmake_clean_cache': False, 'cmake_clean_first': False, 'cmake_force_configure': False, 'cmake_target': None, 'cmake_target_skip_unavailable': False, 'install_base': '/home/pflab/ros2_foxy_analysis/install/pubsub', 'merge_install': False, 'path': '/home/pflab/ros2_foxy_analysis/pubsub', 'symlink_install': False, 'test_result_base': None}
[0.280s] INFO:colcon.colcon_core.executor:Executing jobs using 'parallel' executor
[0.282s] DEBUG:colcon.colcon_parallel_executor.executor.parallel:run_until_complete
[0.282s] INFO:colcon.colcon_ros.task.ament_cmake.build:Building ROS package in '/home/pflab/ros2_foxy_analysis/pubsub' with build type 'ament_cmake'
[0.282s] INFO:colcon.colcon_cmake.task.cmake.build:Building CMake package in '/home/pflab/ros2_foxy_analysis/pubsub'
[0.287s] INFO:colcon.colcon_core.plugin_system:Skipping extension 'colcon_core.shell.bat': Not used on non-Windows systems
[0.287s] INFO:colcon.colcon_core.shell:Skip shell extension 'powershell' for command environment: Not usable outside of PowerShell
[0.287s] DEBUG:colcon.colcon_core.shell:Skip shell extension 'dsv' for command environment
[0.289s] DEBUG:colcon.colcon_core.shell:Ignoring prefix path '/opt/ros/foxy'
[0.296s] DEBUG:colcon.colcon_core.event_handler.log_command:Invoking command in '/home/pflab/ros2_foxy_analysis/build/pubsub': CMAKE_PREFIX_PATH=${CMAKE_PREFIX_PATH}:/opt/ros/foxy /usr/local/bin/cmake --build /home/pflab/ros2_foxy_analysis/build/pubsub -- -j12 -l12
[3.974s] DEBUG:colcon.colcon_core.event_handler.log_command:Invoked command in '/home/pflab/ros2_foxy_analysis/build/pubsub' returned '0': CMAKE_PREFIX_PATH=${CMAKE_PREFIX_PATH}:/opt/ros/foxy /usr/local/bin/cmake --build /home/pflab/ros2_foxy_analysis/build/pubsub -- -j12 -l12
[4.003s] DEBUG:colcon.colcon_core.event_handler.log_command:Invoking command in '/home/pflab/ros2_foxy_analysis/build/pubsub': CMAKE_PREFIX_PATH=${CMAKE_PREFIX_PATH}:/opt/ros/foxy /usr/local/bin/cmake --install /home/pflab/ros2_foxy_analysis/build/pubsub
[4.010s] Level 1:colcon.colcon_core.environment:create_environment_scripts_only(pubsub)
[4.013s] DEBUG:colcon.colcon_core.event_handler.log_command:Invoked command in '/home/pflab/ros2_foxy_analysis/build/pubsub' returned '0': CMAKE_PREFIX_PATH=${CMAKE_PREFIX_PATH}:/opt/ros/foxy /usr/local/bin/cmake --install /home/pflab/ros2_foxy_analysis/build/pubsub
[4.018s] Level 1:colcon.colcon_core.environment:checking '/home/pflab/ros2_foxy_analysis/install/pubsub' for CMake module files
[4.019s] Level 1:colcon.colcon_core.environment:checking '/home/pflab/ros2_foxy_analysis/install/pubsub' for CMake config files
[4.019s] Level 1:colcon.colcon_core.shell:create_environment_hook('pubsub', 'cmake_prefix_path')
[4.020s] INFO:colcon.colcon_core.shell:Creating environment hook '/home/pflab/ros2_foxy_analysis/install/pubsub/share/pubsub/hook/cmake_prefix_path.ps1'
[4.021s] INFO:colcon.colcon_core.shell:Creating environment descriptor '/home/pflab/ros2_foxy_analysis/install/pubsub/share/pubsub/hook/cmake_prefix_path.dsv'
[4.021s] INFO:colcon.colcon_core.shell:Creating environment hook '/home/pflab/ros2_foxy_analysis/install/pubsub/share/pubsub/hook/cmake_prefix_path.sh'
[4.022s] Level 1:colcon.colcon_core.environment:checking '/home/pflab/ros2_foxy_analysis/install/pubsub/lib'
[4.023s] Level 1:colcon.colcon_core.environment:checking '/home/pflab/ros2_foxy_analysis/install/pubsub/bin'
[4.023s] Level 1:colcon.colcon_core.environment:checking '/home/pflab/ros2_foxy_analysis/install/pubsub/lib/pkgconfig/pubsub.pc'
[4.023s] Level 1:colcon.colcon_core.environment:checking '/home/pflab/ros2_foxy_analysis/install/pubsub/lib/python3.8/site-packages'
[4.024s] INFO:colcon.colcon_core.shell:Creating package script '/home/pflab/ros2_foxy_analysis/install/pubsub/share/pubsub/package.ps1'
[4.025s] INFO:colcon.colcon_core.shell:Creating package descriptor '/home/pflab/ros2_foxy_analysis/install/pubsub/share/pubsub/package.dsv'
[4.025s] INFO:colcon.colcon_core.shell:Creating package script '/home/pflab/ros2_foxy_analysis/install/pubsub/share/pubsub/package.sh'
[4.026s] INFO:colcon.colcon_core.shell:Creating package script '/home/pflab/ros2_foxy_analysis/install/pubsub/share/pubsub/package.bash'
[4.027s] INFO:colcon.colcon_core.shell:Creating package script '/home/pflab/ros2_foxy_analysis/install/pubsub/share/pubsub/package.zsh'
[4.028s] Level 1:colcon.colcon_core.environment:create_file_with_runtime_dependencies(/home/pflab/ros2_foxy_analysis/install/pubsub/share/colcon-core/packages/pubsub)
[4.044s] Level 1:colcon.colcon_core.environment:create_environment_scripts_only(pubsub)
[4.044s] Level 1:colcon.colcon_core.environment:checking '/home/pflab/ros2_foxy_analysis/install/pubsub' for CMake module files
[4.045s] Level 1:colcon.colcon_core.environment:checking '/home/pflab/ros2_foxy_analysis/install/pubsub' for CMake config files
[4.045s] Level 1:colcon.colcon_core.shell:create_environment_hook('pubsub', 'cmake_prefix_path')
[4.045s] INFO:colcon.colcon_core.shell:Creating environment hook '/home/pflab/ros2_foxy_analysis/install/pubsub/share/pubsub/hook/cmake_prefix_path.ps1'
[4.046s] INFO:colcon.colcon_core.shell:Creating environment descriptor '/home/pflab/ros2_foxy_analysis/install/pubsub/share/pubsub/hook/cmake_prefix_path.dsv'
[4.046s] INFO:colcon.colcon_core.shell:Creating environment hook '/home/pflab/ros2_foxy_analysis/install/pubsub/share/pubsub/hook/cmake_prefix_path.sh'
[4.046s] Level 1:colcon.colcon_core.environment:checking '/home/pflab/ros2_foxy_analysis/install/pubsub/lib'
[4.046s] Level 1:colcon.colcon_core.environment:checking '/home/pflab/ros2_foxy_analysis/install/pubsub/bin'
[4.046s] Level 1:colcon.colcon_core.environment:checking '/home/pflab/ros2_foxy_analysis/install/pubsub/lib/pkgconfig/pubsub.pc'
[4.046s] Level 1:colcon.colcon_core.environment:checking '/home/pflab/ros2_foxy_analysis/install/pubsub/lib/python3.8/site-packages'
[4.047s] INFO:colcon.colcon_core.shell:Creating package script '/home/pflab/ros2_foxy_analysis/install/pubsub/share/pubsub/package.ps1'
[4.048s] INFO:colcon.colcon_core.shell:Creating package descriptor '/home/pflab/ros2_foxy_analysis/install/pubsub/share/pubsub/package.dsv'
[4.048s] INFO:colcon.colcon_core.shell:Creating package script '/home/pflab/ros2_foxy_analysis/install/pubsub/share/pubsub/package.sh'
[4.048s] INFO:colcon.colcon_core.shell:Creating package script '/home/pflab/ros2_foxy_analysis/install/pubsub/share/pubsub/package.bash'
[4.048s] INFO:colcon.colcon_core.shell:Creating package script '/home/pflab/ros2_foxy_analysis/install/pubsub/share/pubsub/package.zsh'
[4.049s] Level 1:colcon.colcon_core.environment:create_file_with_runtime_dependencies(/home/pflab/ros2_foxy_analysis/install/pubsub/share/colcon-core/packages/pubsub)
[4.049s] DEBUG:colcon.colcon_parallel_executor.executor.parallel:closing loop
[4.049s] DEBUG:colcon.colcon_parallel_executor.executor.parallel:loop closed
[4.049s] DEBUG:colcon.colcon_parallel_executor.executor.parallel:run_until_complete finished with '0'
[4.049s] DEBUG:colcon.colcon_core.event_reactor:joining thread
[4.056s] INFO:colcon.colcon_core.plugin_system:Skipping extension 'colcon_notification.desktop_notification.terminal_notifier': Not used on non-Darwin systems
[4.056s] INFO:colcon.colcon_core.plugin_system:Skipping extension 'colcon_notification.desktop_notification.win32': Not used on non-Windows systems
[4.056s] INFO:colcon.colcon_notification.desktop_notification:Sending desktop notification using 'notify2'
[4.068s] DEBUG:colcon.colcon_core.event_reactor:joined thread
[4.069s] INFO:colcon.colcon_core.shell:Creating prefix script '/home/pflab/ros2_foxy_analysis/install/local_setup.ps1'
[4.069s] INFO:colcon.colcon_core.shell:Creating prefix util module '/home/pflab/ros2_foxy_analysis/install/_local_setup_util_ps1.py'
[4.070s] INFO:colcon.colcon_core.shell:Creating prefix chain script '/home/pflab/ros2_foxy_analysis/install/setup.ps1'
[4.072s] INFO:colcon.colcon_core.shell:Creating prefix script '/home/pflab/ros2_foxy_analysis/install/local_setup.sh'
[4.072s] INFO:colcon.colcon_core.shell:Creating prefix util module '/home/pflab/ros2_foxy_analysis/install/_local_setup_util_sh.py'
[4.073s] INFO:colcon.colcon_core.shell:Creating prefix chain script '/home/pflab/ros2_foxy_analysis/install/setup.sh'
[4.074s] INFO:colcon.colcon_core.shell:Creating prefix script '/home/pflab/ros2_foxy_analysis/install/local_setup.bash'
[4.075s] INFO:colcon.colcon_core.shell:Creating prefix chain script '/home/pflab/ros2_foxy_analysis/install/setup.bash'
[4.076s] INFO:colcon.colcon_core.shell:Creating prefix script '/home/pflab/ros2_foxy_analysis/install/local_setup.zsh'
[4.077s] INFO:colcon.colcon_core.shell:Creating prefix chain script '/home/pflab/ros2_foxy_analysis/install/setup.zsh'
