Performing C SOURCE FILE Test CMAKE_HAVE_LIBC_PTHREAD failed with the following output:
Change Dir: /home/pflab/ros2_analysis/build/pubsub/CMakeFiles/CMakeTmp

Run Build Command(s):/usr/bin/make cmTC_b276d/fast && /usr/bin/make  -f CMakeFiles/cmTC_b276d.dir/build.make CMakeFiles/cmTC_b276d.dir/build
make[1]: ディレクトリ '/home/pflab/ros2_analysis/build/pubsub/CMakeFiles/CMakeTmp' に入ります
Building C object CMakeFiles/cmTC_b276d.dir/src.c.o
/usr/bin/cc -DCMAKE_HAVE_LIBC_PTHREAD   -o CMakeFiles/cmTC_b276d.dir/src.c.o -c /home/pflab/ros2_analysis/build/pubsub/CMakeFiles/CMakeTmp/src.c
Linking C executable cmTC_b276d
/usr/local/bin/cmake -E cmake_link_script CMakeFiles/cmTC_b276d.dir/link.txt --verbose=1
/usr/bin/cc CMakeFiles/cmTC_b276d.dir/src.c.o -o cmTC_b276d 
/usr/bin/ld: CMakeFiles/cmTC_b276d.dir/src.c.o: in function `main':
src.c:(.text+0x46): undefined reference to `pthread_create'
/usr/bin/ld: src.c:(.text+0x52): undefined reference to `pthread_detach'
/usr/bin/ld: src.c:(.text+0x5e): undefined reference to `pthread_cancel'
/usr/bin/ld: src.c:(.text+0x6f): undefined reference to `pthread_join'
collect2: error: ld returned 1 exit status
make[1]: *** [CMakeFiles/cmTC_b276d.dir/build.make:106: cmTC_b276d] エラー 1
make[1]: ディレクトリ '/home/pflab/ros2_analysis/build/pubsub/CMakeFiles/CMakeTmp' から出ます
make: *** [Makefile:140: cmTC_b276d/fast] エラー 2


Source file was:
#include <pthread.h>

static void* test_func(void* data)
{
  return data;
}

int main(void)
{
  pthread_t thread;
  pthread_create(&thread, NULL, test_func, NULL);
  pthread_detach(thread);
  pthread_cancel(thread);
  pthread_join(thread, NULL);
  pthread_atfork(NULL, NULL, NULL);
  pthread_exit(NULL);

  return 0;
}

Determining if the function pthread_create exists in the pthreads failed with the following output:
Change Dir: /home/pflab/ros2_analysis/build/pubsub/CMakeFiles/CMakeTmp

Run Build Command(s):/usr/bin/make cmTC_ae1dd/fast && /usr/bin/make  -f CMakeFiles/cmTC_ae1dd.dir/build.make CMakeFiles/cmTC_ae1dd.dir/build
make[1]: ディレクトリ '/home/pflab/ros2_analysis/build/pubsub/CMakeFiles/CMakeTmp' に入ります
Building C object CMakeFiles/cmTC_ae1dd.dir/CheckFunctionExists.c.o
/usr/bin/cc   -DCHECK_FUNCTION_EXISTS=pthread_create -o CMakeFiles/cmTC_ae1dd.dir/CheckFunctionExists.c.o -c /usr/local/share/cmake-3.19/Modules/CheckFunctionExists.c
Linking C executable cmTC_ae1dd
/usr/local/bin/cmake -E cmake_link_script CMakeFiles/cmTC_ae1dd.dir/link.txt --verbose=1
/usr/bin/cc  -DCHECK_FUNCTION_EXISTS=pthread_create CMakeFiles/cmTC_ae1dd.dir/CheckFunctionExists.c.o -o cmTC_ae1dd  -lpthreads 
/usr/bin/ld: -lpthreads が見つかりません
collect2: error: ld returned 1 exit status
make[1]: *** [CMakeFiles/cmTC_ae1dd.dir/build.make:106: cmTC_ae1dd] エラー 1
make[1]: ディレクトリ '/home/pflab/ros2_analysis/build/pubsub/CMakeFiles/CMakeTmp' から出ます
make: *** [Makefile:140: cmTC_ae1dd/fast] エラー 2



Performing C SOURCE FILE Test CMAKE_HAVE_LIBC_PTHREAD failed with the following output:
Change Dir: /home/pflab/ros2_foxy_analysis/build/pubsub/CMakeFiles/CMakeTmp

Run Build Command(s):/usr/bin/make cmTC_5afcb/fast && /usr/bin/make  -f CMakeFiles/cmTC_5afcb.dir/build.make CMakeFiles/cmTC_5afcb.dir/build
make[1]: ディレクトリ '/home/pflab/ros2_foxy_analysis/build/pubsub/CMakeFiles/CMakeTmp' に入ります
Building C object CMakeFiles/cmTC_5afcb.dir/src.c.o
/usr/bin/cc -DCMAKE_HAVE_LIBC_PTHREAD   -o CMakeFiles/cmTC_5afcb.dir/src.c.o -c /home/pflab/ros2_foxy_analysis/build/pubsub/CMakeFiles/CMakeTmp/src.c
Linking C executable cmTC_5afcb
/usr/local/bin/cmake -E cmake_link_script CMakeFiles/cmTC_5afcb.dir/link.txt --verbose=1
/usr/bin/cc CMakeFiles/cmTC_5afcb.dir/src.c.o -o cmTC_5afcb 
/usr/bin/ld: CMakeFiles/cmTC_5afcb.dir/src.c.o: in function `main':
src.c:(.text+0x46): undefined reference to `pthread_create'
/usr/bin/ld: src.c:(.text+0x52): undefined reference to `pthread_detach'
/usr/bin/ld: src.c:(.text+0x5e): undefined reference to `pthread_cancel'
/usr/bin/ld: src.c:(.text+0x6f): undefined reference to `pthread_join'
collect2: error: ld returned 1 exit status
make[1]: *** [CMakeFiles/cmTC_5afcb.dir/build.make:106: cmTC_5afcb] エラー 1
make[1]: ディレクトリ '/home/pflab/ros2_foxy_analysis/build/pubsub/CMakeFiles/CMakeTmp' から出ます
make: *** [Makefile:140: cmTC_5afcb/fast] エラー 2


Source file was:
#include <pthread.h>

static void* test_func(void* data)
{
  return data;
}

int main(void)
{
  pthread_t thread;
  pthread_create(&thread, NULL, test_func, NULL);
  pthread_detach(thread);
  pthread_cancel(thread);
  pthread_join(thread, NULL);
  pthread_atfork(NULL, NULL, NULL);
  pthread_exit(NULL);

  return 0;
}

Determining if the function pthread_create exists in the pthreads failed with the following output:
Change Dir: /home/pflab/ros2_foxy_analysis/build/pubsub/CMakeFiles/CMakeTmp

Run Build Command(s):/usr/bin/make cmTC_7c9d1/fast && /usr/bin/make  -f CMakeFiles/cmTC_7c9d1.dir/build.make CMakeFiles/cmTC_7c9d1.dir/build
make[1]: ディレクトリ '/home/pflab/ros2_foxy_analysis/build/pubsub/CMakeFiles/CMakeTmp' に入ります
Building C object CMakeFiles/cmTC_7c9d1.dir/CheckFunctionExists.c.o
/usr/bin/cc   -DCHECK_FUNCTION_EXISTS=pthread_create -o CMakeFiles/cmTC_7c9d1.dir/CheckFunctionExists.c.o -c /usr/local/share/cmake-3.19/Modules/CheckFunctionExists.c
Linking C executable cmTC_7c9d1
/usr/local/bin/cmake -E cmake_link_script CMakeFiles/cmTC_7c9d1.dir/link.txt --verbose=1
/usr/bin/cc  -DCHECK_FUNCTION_EXISTS=pthread_create CMakeFiles/cmTC_7c9d1.dir/CheckFunctionExists.c.o -o cmTC_7c9d1  -lpthreads 
/usr/bin/ld: -lpthreads が見つかりません
collect2: error: ld returned 1 exit status
make[1]: *** [CMakeFiles/cmTC_7c9d1.dir/build.make:106: cmTC_7c9d1] エラー 1
make[1]: ディレクトリ '/home/pflab/ros2_foxy_analysis/build/pubsub/CMakeFiles/CMakeTmp' から出ます
make: *** [Makefile:140: cmTC_7c9d1/fast] エラー 2



