[35m[1mScanning dependencies of target talker[0m
[35m[1mScanning dependencies of target listener[0m
[ 50%] [32mBuilding CXX object CMakeFiles/talker.dir/src/publisher_member_function.cpp.o[0m
[ 50%] [32mBuilding CXX object CMakeFiles/listener.dir/src/subscriber_member_function.cpp.o[0m
[ 75%] [32m[1mLinking CXX executable talker[0m
[ 75%] Built target talker
[100%] [32m[1mLinking CXX executable listener[0m
[100%] Built target listener
-- Install configuration: ""
-- Installing: /home/pflab/ros2_foxy_analysis/install/pubsub/lib/pubsub/talker
-- Set runtime path of "/home/pflab/ros2_foxy_analysis/install/pubsub/lib/pubsub/talker" to ""
-- Installing: /home/pflab/ros2_foxy_analysis/install/pubsub/lib/pubsub/listener
-- Set runtime path of "/home/pflab/ros2_foxy_analysis/install/pubsub/lib/pubsub/listener" to ""
-- Up-to-date: /home/pflab/ros2_foxy_analysis/install/pubsub/share/ament_index/resource_index/package_run_dependencies/pubsub
-- Installing: /home/pflab/ros2_foxy_analysis/install/pubsub/share/ament_index/resource_index/parent_prefix_path/pubsub
-- Up-to-date: /home/pflab/ros2_foxy_analysis/install/pubsub/share/pubsub/environment/ament_prefix_path.sh
-- Installing: /home/pflab/ros2_foxy_analysis/install/pubsub/share/pubsub/environment/ament_prefix_path.dsv
-- Up-to-date: /home/pflab/ros2_foxy_analysis/install/pubsub/share/pubsub/environment/path.sh
-- Installing: /home/pflab/ros2_foxy_analysis/install/pubsub/share/pubsub/environment/path.dsv
-- Up-to-date: /home/pflab/ros2_foxy_analysis/install/pubsub/share/pubsub/local_setup.bash
-- Installing: /home/pflab/ros2_foxy_analysis/install/pubsub/share/pubsub/local_setup.sh
-- Up-to-date: /home/pflab/ros2_foxy_analysis/install/pubsub/share/pubsub/local_setup.zsh
-- Installing: /home/pflab/ros2_foxy_analysis/install/pubsub/share/pubsub/local_setup.dsv
-- Up-to-date: /home/pflab/ros2_foxy_analysis/install/pubsub/share/pubsub/package.dsv
-- Up-to-date: /home/pflab/ros2_foxy_analysis/install/pubsub/share/ament_index/resource_index/packages/pubsub
-- Up-to-date: /home/pflab/ros2_foxy_analysis/install/pubsub/share/pubsub/cmake/pubsubConfig.cmake
-- Up-to-date: /home/pflab/ros2_foxy_analysis/install/pubsub/share/pubsub/cmake/pubsubConfig-version.cmake
-- Up-to-date: /home/pflab/ros2_foxy_analysis/install/pubsub/share/pubsub/package.xml
